# JRE version: OpenJDK Runtime Environment Temurin-21.0.7+6 (21.0.7+6) (build 21.0.7+6-LTS)
# Java VM: OpenJDK 64-Bit Server VM Temurin-21.0.7+6 (21.0.7+6-LTS, mixed mode, sharing, tiered, compressed oops, compressed class ptrs, parallel gc, windows-amd64)
GC Precious Log:
 CardTable entry size: 512
 CPUs: 4 total, 4 available
 Memory: 7611M
 Large Page Support: Disabled
 NUMA Support: Disabled
 Compressed Oops: Enabled (32-bit)
 Alignments: Space 512K, Generation 512K, Heap 2M
 Heap Min Capacity: 100M
 Heap Initial Capacity: 100M
 Heap Max Capacity: 2G
 Pre-touch: Disabled
 Parallel Workers: 4
Heap:
 PSYoungGen      total 8704K, used 4694K [0x00000000d5580000, 0x00000000d6300000, 0x0000000100000000)
  eden space 7168K, 46% used [0x00000000d5580000,0x00000000d58c99f0,0x00000000d5c80000)
  from space 1536K, 86% used [0x00000000d5d80000,0x00000000d5ecc000,0x00000000d5f00000)
  to   space 2048K, 0% used [0x00000000d6100000,0x00000000d6100000,0x00000000d6300000)
 ParOldGen       total 543232K, used 543189K [0x0000000080000000, 0x00000000a1280000, 0x00000000d5580000)
  object space 543232K, 99% used [0x0000000080000000,0x00000000a1275648,0x00000000a1280000)
 Metaspace       used 73902K, committed 75392K, reserved 1179648K
  class space    used 7779K, committed 8448K, reserved 1048576K
GC Heap History (20 events):
Event: 130.730 GC heap before
{Heap before GC invocations=307 (full 3):
 PSYoungGen      total 7680K, used 7680K [0x00000000d5580000, 0x00000000d6280000, 0x0000000100000000)
  eden space 7168K, 100% used [0x00000000d5580000,0x00000000d5c80000,0x00000000d5c80000)
  from space 512K, 100% used [0x00000000d5c80000,0x00000000d5d00000,0x00000000d5d00000)
  to   space 1024K, 0% used [0x00000000d6180000,0x00000000d6180000,0x00000000d6280000)
 ParOldGen       total 527360K, used 526911K [0x0000000080000000, 0x00000000a0300000, 0x00000000d5580000)
  object space 527360K, 99% used [0x0000000080000000,0x00000000a028ff50,0x00000000a0300000)
 Metaspace       used 72356K, committed 73856K, reserved 1179648K
  class space    used 7615K, committed 8256K, reserved 1048576K
}
Event: 130.736 GC heap after
{Heap after GC invocations=307 (full 3):
 PSYoungGen      total 7680K, used 416K [0x00000000d5580000, 0x00000000d6200000, 0x0000000100000000)
  eden space 7168K, 0% used [0x00000000d5580000,0x00000000d5580000,0x00000000d5c80000)
  from space 512K, 81% used [0x00000000d6180000,0x00000000d61e8000,0x00000000d6200000)
  to   space 512K, 0% used [0x00000000d5c80000,0x00000000d5c80000,0x00000000d5d00000)
 ParOldGen       total 527360K, used 527345K [0x0000000080000000, 0x00000000a0300000, 0x00000000d5580000)
  object space 527360K, 99% used [0x0000000080000000,0x00000000a02fc660,0x00000000a0300000)
 Metaspace       used 72356K, committed 73856K, reserved 1179648K
  class space    used 7615K, committed 8256K, reserved 1048576K
}
Event: 130.873 GC heap before
{Heap before GC invocations=308 (full 3):
 PSYoungGen      total 7680K, used 7584K [0x00000000d5580000, 0x00000000d6200000, 0x0000000100000000)
  eden space 7168K, 100% used [0x00000000d5580000,0x00000000d5c80000,0x00000000d5c80000)
  from space 512K, 81% used [0x00000000d6180000,0x00000000d61e8000,0x00000000d6200000)
  to   space 512K, 0% used [0x00000000d5c80000,0x00000000d5c80000,0x00000000d5d00000)
 ParOldGen       total 527360K, used 527345K [0x0000000080000000, 0x00000000a0300000, 0x00000000d5580000)
  object space 527360K, 99% used [0x0000000080000000,0x00000000a02fc660,0x00000000a0300000)
 Metaspace       used 72386K, committed 73920K, reserved 1179648K
  class space    used 7617K, committed 8256K, reserved 1048576K
}
Event: 130.881 GC heap after
{Heap after GC invocations=308 (full 3):
 PSYoungGen      total 7680K, used 499K [0x00000000d5580000, 0x00000000d6a80000, 0x0000000100000000)
  eden space 7168K, 0% used [0x00000000d5580000,0x00000000d5580000,0x00000000d5c80000)
  from space 512K, 97% used [0x00000000d5c80000,0x00000000d5cfcef0,0x00000000d5d00000)
  to   space 7168K, 0% used [0x00000000d6380000,0x00000000d6380000,0x00000000d6a80000)
 ParOldGen       total 532992K, used 532693K [0x0000000080000000, 0x00000000a0880000, 0x00000000d5580000)
  object space 532992K, 99% used [0x0000000080000000,0x00000000a0835560,0x00000000a0880000)
 Metaspace       used 72386K, committed 73920K, reserved 1179648K
  class space    used 7617K, committed 8256K, reserved 1048576K
}
Event: 130.952 GC heap before
{Heap before GC invocations=309 (full 3):
 PSYoungGen      total 7680K, used 7667K [0x00000000d5580000, 0x00000000d6a80000, 0x0000000100000000)
  eden space 7168K, 99% used [0x00000000d5580000,0x00000000d5c7ffd8,0x00000000d5c80000)
  from space 512K, 97% used [0x00000000d5c80000,0x00000000d5cfcef0,0x00000000d5d00000)
  to   space 7168K, 0% used [0x00000000d6380000,0x00000000d6380000,0x00000000d6a80000)
 ParOldGen       total 532992K, used 532693K [0x0000000080000000, 0x00000000a0880000, 0x00000000d5580000)
  object space 532992K, 99% used [0x0000000080000000,0x00000000a0835560,0x00000000a0880000)
 Metaspace       used 72430K, committed 73920K, reserved 1179648K
  class space    used 7618K, committed 8256K, reserved 1048576K
}
Event: 130.959 GC heap after
{Heap after GC invocations=309 (full 3):
 PSYoungGen      total 11264K, used 3768K [0x00000000d5580000, 0x00000000d6780000, 0x0000000100000000)
  eden space 7168K, 0% used [0x00000000d5580000,0x00000000d5580000,0x00000000d5c80000)
  from space 4096K, 91% used [0x00000000d6380000,0x00000000d672e020,0x00000000d6780000)
  to   space 4608K, 0% used [0x00000000d5e80000,0x00000000d5e80000,0x00000000d6300000)
 ParOldGen       total 532992K, used 532813K [0x0000000080000000, 0x00000000a0880000, 0x00000000d5580000)
  object space 532992K, 99% used [0x0000000080000000,0x00000000a0853560,0x00000000a0880000)
 Metaspace       used 72430K, committed 73920K, reserved 1179648K
  class space    used 7618K, committed 8256K, reserved 1048576K
}
Event: 132.646 GC heap before
{Heap before GC invocations=310 (full 3):
 PSYoungGen      total 11264K, used 10936K [0x00000000d5580000, 0x00000000d6780000, 0x0000000100000000)
  eden space 7168K, 100% used [0x00000000d5580000,0x00000000d5c80000,0x00000000d5c80000)
  from space 4096K, 91% used [0x00000000d6380000,0x00000000d672e020,0x00000000d6780000)
  to   space 4608K, 0% used [0x00000000d5e80000,0x00000000d5e80000,0x00000000d6300000)
 ParOldGen       total 532992K, used 532813K [0x0000000080000000, 0x00000000a0880000, 0x00000000d5580000)
  object space 532992K, 99% used [0x0000000080000000,0x00000000a0853560,0x00000000a0880000)
 Metaspace       used 72696K, committed 74176K, reserved 1179648K
  class space    used 7657K, committed 8320K, reserved 1048576K
}
Event: 132.652 GC heap after
{Heap after GC invocations=310 (full 3):
 PSYoungGen      total 7680K, used 128K [0x00000000d5580000, 0x00000000d6400000, 0x0000000100000000)
  eden space 7168K, 0% used [0x00000000d5580000,0x00000000d5580000,0x00000000d5c80000)
  from space 512K, 25% used [0x00000000d5e80000,0x00000000d5ea0000,0x00000000d5f00000)
  to   space 2048K, 0% used [0x00000000d6200000,0x00000000d6200000,0x00000000d6400000)
 ParOldGen       total 536576K, used 536085K [0x0000000080000000, 0x00000000a0c00000, 0x00000000d5580000)
  object space 536576K, 99% used [0x0000000080000000,0x00000000a0b85580,0x00000000a0c00000)
 Metaspace       used 72696K, committed 74176K, reserved 1179648K
  class space    used 7657K, committed 8320K, reserved 1048576K
}
Event: 177.609 GC heap before
{Heap before GC invocations=311 (full 3):
 PSYoungGen      total 7680K, used 7296K [0x00000000d5580000, 0x00000000d6400000, 0x0000000100000000)
  eden space 7168K, 100% used [0x00000000d5580000,0x00000000d5c80000,0x00000000d5c80000)
  from space 512K, 25% used [0x00000000d5e80000,0x00000000d5ea0000,0x00000000d5f00000)
  to   space 2048K, 0% used [0x00000000d6200000,0x00000000d6200000,0x00000000d6400000)
 ParOldGen       total 536576K, used 536085K [0x0000000080000000, 0x00000000a0c00000, 0x00000000d5580000)
  object space 536576K, 99% used [0x0000000080000000,0x00000000a0b85580,0x00000000a0c00000)
 Metaspace       used 72785K, committed 74304K, reserved 1179648K
  class space    used 7662K, committed 8320K, reserved 1048576K
}
Event: 177.613 GC heap after
{Heap after GC invocations=311 (full 3):
 PSYoungGen      total 8192K, used 896K [0x00000000d5580000, 0x00000000d6300000, 0x0000000100000000)
  eden space 7168K, 0% used [0x00000000d5580000,0x00000000d5580000,0x00000000d5c80000)
  from space 1024K, 87% used [0x00000000d6200000,0x00000000d62e0000,0x00000000d6300000)
  to   space 1536K, 0% used [0x00000000d6000000,0x00000000d6000000,0x00000000d6180000)
 ParOldGen       total 536576K, used 536141K [0x0000000080000000, 0x00000000a0c00000, 0x00000000d5580000)
  object space 536576K, 99% used [0x0000000080000000,0x00000000a0b93580,0x00000000a0c00000)
 Metaspace       used 72785K, committed 74304K, reserved 1179648K
  class space    used 7662K, committed 8320K, reserved 1048576K
}
Event: 179.201 GC heap before
{Heap before GC invocations=312 (full 3):
 PSYoungGen      total 8192K, used 8057K [0x00000000d5580000, 0x00000000d6300000, 0x0000000100000000)
  eden space 7168K, 99% used [0x00000000d5580000,0x00000000d5c7e610,0x00000000d5c80000)
  from space 1024K, 87% used [0x00000000d6200000,0x00000000d62e0000,0x00000000d6300000)
  to   space 1536K, 0% used [0x00000000d6000000,0x00000000d6000000,0x00000000d6180000)
 ParOldGen       total 536576K, used 536141K [0x0000000080000000, 0x00000000a0c00000, 0x00000000d5580000)
  object space 536576K, 99% used [0x0000000080000000,0x00000000a0b93580,0x00000000a0c00000)
 Metaspace       used 72950K, committed 74432K, reserved 1179648K
  class space    used 7675K, committed 8320K, reserved 1048576K
}
Event: 179.207 GC heap after
{Heap after GC invocations=312 (full 3):
 PSYoungGen      total 8704K, used 736K [0x00000000d5580000, 0x00000000d6280000, 0x0000000100000000)
  eden space 7168K, 0% used [0x00000000d5580000,0x00000000d5580000,0x00000000d5c80000)
  from space 1536K, 47% used [0x00000000d6000000,0x00000000d60b8000,0x00000000d6180000)
  to   space 1024K, 0% used [0x00000000d6180000,0x00000000d6180000,0x00000000d6280000)
 ParOldGen       total 537088K, used 536812K [0x0000000080000000, 0x00000000a0c80000, 0x00000000d5580000)
  object space 537088K, 99% used [0x0000000080000000,0x00000000a0c3b2b8,0x00000000a0c80000)
 Metaspace       used 72950K, committed 74432K, reserved 1179648K
  class space    used 7675K, committed 8320K, reserved 1048576K
}
Event: 180.239 GC heap before
{Heap before GC invocations=313 (full 3):
 PSYoungGen      total 8704K, used 7904K [0x00000000d5580000, 0x00000000d6280000, 0x0000000100000000)
  eden space 7168K, 100% used [0x00000000d5580000,0x00000000d5c80000,0x00000000d5c80000)
  from space 1536K, 47% used [0x00000000d6000000,0x00000000d60b8000,0x00000000d6180000)
  to   space 1024K, 0% used [0x00000000d6180000,0x00000000d6180000,0x00000000d6280000)
 ParOldGen       total 537088K, used 536812K [0x0000000080000000, 0x00000000a0c80000, 0x00000000d5580000)
  object space 537088K, 99% used [0x0000000080000000,0x00000000a0c3b2b8,0x00000000a0c80000)
 Metaspace       used 73279K, committed 74688K, reserved 1179648K
  class space    used 7708K, committed 8320K, reserved 1048576K
}
Event: 180.244 GC heap after
{Heap after GC invocations=313 (full 3):
 PSYoungGen      total 8192K, used 768K [0x00000000d5580000, 0x00000000d6280000, 0x0000000100000000)
  eden space 7168K, 0% used [0x00000000d5580000,0x00000000d5580000,0x00000000d5c80000)
  from space 1024K, 75% used [0x00000000d6180000,0x00000000d6240000,0x00000000d6280000)
  to   space 1024K, 0% used [0x00000000d6080000,0x00000000d6080000,0x00000000d6180000)
 ParOldGen       total 537088K, used 536852K [0x0000000080000000, 0x00000000a0c80000, 0x00000000d5580000)
  object space 537088K, 99% used [0x0000000080000000,0x00000000a0c452b8,0x00000000a0c80000)
 Metaspace       used 73279K, committed 74688K, reserved 1179648K
  class space    used 7708K, committed 8320K, reserved 1048576K
}
Event: 180.372 GC heap before
{Heap before GC invocations=314 (full 3):
 PSYoungGen      total 8192K, used 7936K [0x00000000d5580000, 0x00000000d6280000, 0x0000000100000000)
  eden space 7168K, 100% used [0x00000000d5580000,0x00000000d5c80000,0x00000000d5c80000)
  from space 1024K, 75% used [0x00000000d6180000,0x00000000d6240000,0x00000000d6280000)
  to   space 1024K, 0% used [0x00000000d6080000,0x00000000d6080000,0x00000000d6180000)
 ParOldGen       total 537088K, used 536852K [0x0000000080000000, 0x00000000a0c80000, 0x00000000d5580000)
  object space 537088K, 99% used [0x0000000080000000,0x00000000a0c452b8,0x00000000a0c80000)
 Metaspace       used 73376K, committed 74816K, reserved 1179648K
  class space    used 7721K, committed 8384K, reserved 1048576K
}
Event: 180.385 GC heap after
{Heap after GC invocations=314 (full 3):
 PSYoungGen      total 8192K, used 1011K [0x00000000d5580000, 0x00000000d6880000, 0x0000000100000000)
  eden space 7168K, 0% used [0x00000000d5580000,0x00000000d5580000,0x00000000d5c80000)
  from space 1024K, 98% used [0x00000000d6080000,0x00000000d617cef0,0x00000000d6180000)
  to   space 6144K, 0% used [0x00000000d6280000,0x00000000d6280000,0x00000000d6880000)
 ParOldGen       total 541184K, used 541045K [0x0000000080000000, 0x00000000a1080000, 0x00000000d5580000)
  object space 541184K, 99% used [0x0000000080000000,0x00000000a105d638,0x00000000a1080000)
 Metaspace       used 73376K, committed 74816K, reserved 1179648K
  class space    used 7721K, committed 8384K, reserved 1048576K
}
Event: 180.472 GC heap before
{Heap before GC invocations=315 (full 3):
 PSYoungGen      total 8192K, used 8179K [0x00000000d5580000, 0x00000000d6880000, 0x0000000100000000)
  eden space 7168K, 100% used [0x00000000d5580000,0x00000000d5c80000,0x00000000d5c80000)
  from space 1024K, 98% used [0x00000000d6080000,0x00000000d617cef0,0x00000000d6180000)
  to   space 6144K, 0% used [0x00000000d6280000,0x00000000d6280000,0x00000000d6880000)
 ParOldGen       total 541184K, used 541045K [0x0000000080000000, 0x00000000a1080000, 0x00000000d5580000)
  object space 541184K, 99% used [0x0000000080000000,0x00000000a105d638,0x00000000a1080000)
 Metaspace       used 73484K, committed 74944K, reserved 1179648K
  class space    used 7727K, committed 8384K, reserved 1048576K
}
Event: 180.478 GC heap after
{Heap after GC invocations=315 (full 3):
 PSYoungGen      total 10240K, used 2921K [0x00000000d5580000, 0x00000000d6580000, 0x0000000100000000)
  eden space 7168K, 0% used [0x00000000d5580000,0x00000000d5580000,0x00000000d5c80000)
  from space 3072K, 95% used [0x00000000d6280000,0x00000000d655a710,0x00000000d6580000)
  to   space 4096K, 0% used [0x00000000d5d80000,0x00000000d5d80000,0x00000000d6180000)
 ParOldGen       total 541184K, used 541093K [0x0000000080000000, 0x00000000a1080000, 0x00000000d5580000)
  object space 541184K, 99% used [0x0000000080000000,0x00000000a1069648,0x00000000a1080000)
 Metaspace       used 73484K, committed 74944K, reserved 1179648K
  class space    used 7727K, committed 8384K, reserved 1048576K
}
Event: 194.864 GC heap before
{Heap before GC invocations=316 (full 3):
 PSYoungGen      total 10240K, used 10085K [0x00000000d5580000, 0x00000000d6580000, 0x0000000100000000)
  eden space 7168K, 99% used [0x00000000d5580000,0x00000000d5c7eee8,0x00000000d5c80000)
  from space 3072K, 95% used [0x00000000d6280000,0x00000000d655a710,0x00000000d6580000)
  to   space 4096K, 0% used [0x00000000d5d80000,0x00000000d5d80000,0x00000000d6180000)
 ParOldGen       total 541184K, used 541093K [0x0000000080000000, 0x00000000a1080000, 0x00000000d5580000)
  object space 541184K, 99% used [0x0000000080000000,0x00000000a1069648,0x00000000a1080000)
 Metaspace       used 73572K, committed 75008K, reserved 1179648K
  class space    used 7734K, committed 8384K, reserved 1048576K
}
Event: 194.881 GC heap after
{Heap after GC invocations=316 (full 3):
 PSYoungGen      total 8704K, used 1328K [0x00000000d5580000, 0x00000000d6300000, 0x0000000100000000)
  eden space 7168K, 0% used [0x00000000d5580000,0x00000000d5580000,0x00000000d5c80000)
  from space 1536K, 86% used [0x00000000d5d80000,0x00000000d5ecc000,0x00000000d5f00000)
  to   space 2048K, 0% used [0x00000000d6100000,0x00000000d6100000,0x00000000d6300000)
 ParOldGen       total 543232K, used 543189K [0x0000000080000000, 0x00000000a1280000, 0x00000000d5580000)
  object space 543232K, 99% used [0x0000000080000000,0x00000000a1275648,0x00000000a1280000)
 Metaspace       used 73572K, committed 75008K, reserved 1179648K
  class space    used 7734K, committed 8384K, reserved 1048576K
}

